{"@timestamp":"2024-02-13T07:48:25.405+0900", "level":"WARN",
                "service":"community-service", "trace": "", "apiAddr": "",
                "httpMethod":"","userId":"", "thread":"HikariPool-1 housekeeper", "logger":"com.zaxxer.hikari.pool.HikariPool",
                "message":"HikariPool-1 - Thread starvation or clock leap detected (housekeeper delta=26m10s862ms)."}
{"@timestamp":"2024-02-13T07:48:25.405+0900", "level":"WARN",
                "service":"community-service", "trace": "", "apiAddr": "",
                "httpMethod":"","userId":"", "thread":"HikariPool-2 housekeeper", "logger":"com.zaxxer.hikari.pool.HikariPool",
                "message":"HikariPool-2 - Thread starvation or clock leap detected (housekeeper delta=26m10s862ms)."}
{"@timestamp":"2024-02-13T08:13:37.498+0900", "level":"WARN",
                "service":"community-service", "trace": "", "apiAddr": "",
                "httpMethod":"","userId":"", "thread":"HikariPool-2 housekeeper", "logger":"com.zaxxer.hikari.pool.HikariPool",
                "message":"HikariPool-2 - Thread starvation or clock leap detected (housekeeper delta=25m12s88ms)."}
{"@timestamp":"2024-02-13T08:13:37.498+0900", "level":"WARN",
                "service":"community-service", "trace": "", "apiAddr": "",
                "httpMethod":"","userId":"", "thread":"HikariPool-1 housekeeper", "logger":"com.zaxxer.hikari.pool.HikariPool",
                "message":"HikariPool-1 - Thread starvation or clock leap detected (housekeeper delta=25m12s80ms)."}
{"@timestamp":"2024-02-13T09:02:33.469+0900", "level":"WARN",
                "service":"community-service", "trace": "", "apiAddr": "",
                "httpMethod":"","userId":"", "thread":"HikariPool-1 housekeeper", "logger":"com.zaxxer.hikari.pool.HikariPool",
                "message":"HikariPool-1 - Thread starvation or clock leap detected (housekeeper delta=48m55s988ms)."}
{"@timestamp":"2024-02-13T09:02:33.469+0900", "level":"WARN",
                "service":"community-service", "trace": "", "apiAddr": "",
                "httpMethod":"","userId":"", "thread":"HikariPool-2 housekeeper", "logger":"com.zaxxer.hikari.pool.HikariPool",
                "message":"HikariPool-2 - Thread starvation or clock leap detected (housekeeper delta=48m55s980ms)."}
{"@timestamp":"2024-02-13T09:46:28.136+0900", "level":"WARN",
                "service":"community-service", "trace": "", "apiAddr": "",
                "httpMethod":"","userId":"", "thread":"HikariPool-2 housekeeper", "logger":"com.zaxxer.hikari.pool.HikariPool",
                "message":"HikariPool-2 - Thread starvation or clock leap detected (housekeeper delta=43m54s667ms)."}
{"@timestamp":"2024-02-13T09:46:28.136+0900", "level":"WARN",
                "service":"community-service", "trace": "", "apiAddr": "",
                "httpMethod":"","userId":"", "thread":"HikariPool-1 housekeeper", "logger":"com.zaxxer.hikari.pool.HikariPool",
                "message":"HikariPool-1 - Thread starvation or clock leap detected (housekeeper delta=43m54s667ms)."}
{"@timestamp":"2024-02-13T09:49:57.444+0900", "level":"WARN",
                "service":"community-service", "trace": "", "apiAddr": "",
                "httpMethod":"","userId":"", "thread":"HikariPool-2 housekeeper", "logger":"com.zaxxer.hikari.pool.HikariPool",
                "message":"HikariPool-2 - Thread starvation or clock leap detected (housekeeper delta=3m29s34ms)."}
{"@timestamp":"2024-02-13T09:49:57.444+0900", "level":"WARN",
                "service":"community-service", "trace": "", "apiAddr": "",
                "httpMethod":"","userId":"", "thread":"HikariPool-1 housekeeper", "logger":"com.zaxxer.hikari.pool.HikariPool",
                "message":"HikariPool-1 - Thread starvation or clock leap detected (housekeeper delta=3m29s39ms)."}
{"@timestamp":"2024-02-13T11:17:18.132+0900", "level":"WARN",
                "service":"community-service", "trace": "", "apiAddr": "",
                "httpMethod":"","userId":"", "thread":"HikariPool-1 housekeeper", "logger":"com.zaxxer.hikari.pool.HikariPool",
                "message":"HikariPool-1 - Thread starvation or clock leap detected (housekeeper delta=48s962ms)."}
{"@timestamp":"2024-02-13T11:17:18.132+0900", "level":"WARN",
                "service":"community-service", "trace": "", "apiAddr": "",
                "httpMethod":"","userId":"", "thread":"HikariPool-2 housekeeper", "logger":"com.zaxxer.hikari.pool.HikariPool",
                "message":"HikariPool-2 - Thread starvation or clock leap detected (housekeeper delta=48s957ms)."}
