{"@timestamp":"2024-02-13T07:48:25.405+0900","level":"WARN","service":"community-service","trace":"","apiAddr":"","httpMethod":"","userId":"","message":"HikariPool-2 - Thread starvation or clock leap detected (housekeeper delta=26m10s862ms)."}
{"@timestamp":"2024-02-13T07:48:25.405+0900","level":"WARN","service":"community-service","trace":"","apiAddr":"","httpMethod":"","userId":"","message":"HikariPool-1 - Thread starvation or clock leap detected (housekeeper delta=26m10s862ms)."}
{"@timestamp":"2024-02-13T08:13:37.498+0900","level":"WARN","service":"community-service","trace":"","apiAddr":"","httpMethod":"","userId":"","message":"HikariPool-2 - Thread starvation or clock leap detected (housekeeper delta=25m12s88ms)."}
{"@timestamp":"2024-02-13T08:13:37.498+0900","level":"WARN","service":"community-service","trace":"","apiAddr":"","httpMethod":"","userId":"","message":"HikariPool-1 - Thread starvation or clock leap detected (housekeeper delta=25m12s80ms)."}
{"@timestamp":"2024-02-13T09:02:33.469+0900","level":"WARN","service":"community-service","trace":"","apiAddr":"","httpMethod":"","userId":"","message":"HikariPool-1 - Thread starvation or clock leap detected (housekeeper delta=48m55s988ms)."}
{"@timestamp":"2024-02-13T09:02:33.469+0900","level":"WARN","service":"community-service","trace":"","apiAddr":"","httpMethod":"","userId":"","message":"HikariPool-2 - Thread starvation or clock leap detected (housekeeper delta=48m55s980ms)."}
{"@timestamp":"2024-02-13T09:46:28.136+0900","level":"WARN","service":"community-service","trace":"","apiAddr":"","httpMethod":"","userId":"","message":"HikariPool-2 - Thread starvation or clock leap detected (housekeeper delta=43m54s667ms)."}
{"@timestamp":"2024-02-13T09:46:28.136+0900","level":"WARN","service":"community-service","trace":"","apiAddr":"","httpMethod":"","userId":"","message":"HikariPool-1 - Thread starvation or clock leap detected (housekeeper delta=43m54s667ms)."}
{"@timestamp":"2024-02-13T09:49:57.444+0900","level":"WARN","service":"community-service","trace":"","apiAddr":"","httpMethod":"","userId":"","message":"HikariPool-2 - Thread starvation or clock leap detected (housekeeper delta=3m29s34ms)."}
{"@timestamp":"2024-02-13T09:49:57.444+0900","level":"WARN","service":"community-service","trace":"","apiAddr":"","httpMethod":"","userId":"","message":"HikariPool-1 - Thread starvation or clock leap detected (housekeeper delta=3m29s39ms)."}
{"@timestamp":"2024-02-13T11:17:18.132+0900","level":"WARN","service":"community-service","trace":"","apiAddr":"","httpMethod":"","userId":"","message":"HikariPool-2 - Thread starvation or clock leap detected (housekeeper delta=48s957ms)."}
{"@timestamp":"2024-02-13T11:17:18.132+0900","level":"WARN","service":"community-service","trace":"","apiAddr":"","httpMethod":"","userId":"","message":"HikariPool-1 - Thread starvation or clock leap detected (housekeeper delta=48s962ms)."}
{"@timestamp":"2024-02-13T14:18:23.498+0900","level":"INFO","service":"community-service","trace":"","apiAddr":"/api/community/check/room/guild/1","httpMethod":"GET","userId":"","message":"findById"}
{"@timestamp":"2024-02-13T14:18:23.592+0900","level":"INFO","service":"community-service","trace":"","apiAddr":"/api/community/check/room/guild/1","httpMethod":"GET","userId":"","message":"findUser"}
{"@timestamp":"2024-02-13T14:18:23.885+0900","level":"INFO","service":"community-service","trace":"","apiAddr":"/api/community/check/room/guild/1","httpMethod":"GET","userId":"","message":"findGuildsByUserId"}
{"@timestamp":"2024-02-13T14:18:23.885+0900","level":"INFO","service":"community-service","trace":"","apiAddr":"/api/community/check/room/guild/1","httpMethod":"GET","userId":"","message":"findGuildReadsByUserId"}
{"@timestamp":"2024-02-13T14:18:23.886+0900","level":"INFO","service":"community-service","trace":"","apiAddr":"/api/community/check/room/guild/1","httpMethod":"GET","userId":"","message":"search"}
{"@timestamp":"2024-02-13T14:18:23.906+0900","level":"INFO","service":"community-service","trace":"","apiAddr":"/api/community/check/room/guild/1","httpMethod":"GET","userId":"","message":"search"}
{"@timestamp":"2024-02-13T14:23:47.533+0900","level":"INFO","service":"community-service","trace":"","apiAddr":"/api/community/check/room/guild/1","httpMethod":"GET","userId":"","message":"findById"}
{"@timestamp":"2024-02-13T14:23:47.538+0900","level":"INFO","service":"community-service","trace":"","apiAddr":"/api/community/check/room/guild/1","httpMethod":"GET","userId":"","message":"findUser"}
{"@timestamp":"2024-02-13T14:23:47.621+0900","level":"INFO","service":"community-service","trace":"","apiAddr":"/api/community/check/room/guild/1","httpMethod":"GET","userId":"","message":"findGuildsByUserId"}
{"@timestamp":"2024-02-13T14:23:47.621+0900","level":"INFO","service":"community-service","trace":"","apiAddr":"/api/community/check/room/guild/1","httpMethod":"GET","userId":"","message":"findGuildReadsByUserId"}
{"@timestamp":"2024-02-13T14:23:47.621+0900","level":"INFO","service":"community-service","trace":"","apiAddr":"/api/community/check/room/guild/1","httpMethod":"GET","userId":"","message":"search"}
{"@timestamp":"2024-02-13T14:23:47.625+0900","level":"INFO","service":"community-service","trace":"","apiAddr":"/api/community/check/room/guild/1","httpMethod":"GET","userId":"","message":"search"}
{"@timestamp":"2024-02-13T14:23:48.022+0900","level":"INFO","service":"community-service","trace":"","apiAddr":"/api/community/check/room/guild/1","httpMethod":"GET","userId":"","message":"findById"}
{"@timestamp":"2024-02-13T14:23:48.029+0900","level":"INFO","service":"community-service","trace":"","apiAddr":"/api/community/check/room/guild/1","httpMethod":"GET","userId":"","message":"findUser"}
{"@timestamp":"2024-02-13T14:23:48.069+0900","level":"INFO","service":"community-service","trace":"","apiAddr":"/api/community/check/room/guild/1","httpMethod":"GET","userId":"","message":"findGuildsByUserId"}
{"@timestamp":"2024-02-13T14:23:48.070+0900","level":"INFO","service":"community-service","trace":"","apiAddr":"/api/community/check/room/guild/1","httpMethod":"GET","userId":"","message":"findGuildReadsByUserId"}
{"@timestamp":"2024-02-13T14:23:48.071+0900","level":"INFO","service":"community-service","trace":"","apiAddr":"/api/community/check/room/guild/1","httpMethod":"GET","userId":"","message":"search"}
{"@timestamp":"2024-02-13T14:23:48.078+0900","level":"INFO","service":"community-service","trace":"","apiAddr":"/api/community/check/room/guild/1","httpMethod":"GET","userId":"","message":"search"}
{"@timestamp":"2024-02-13T14:23:51.778+0900","level":"INFO","service":"community-service","trace":"","apiAddr":"/api/community/check/room/guild/1","httpMethod":"GET","userId":"","message":"findById"}
{"@timestamp":"2024-02-13T14:23:51.781+0900","level":"INFO","service":"community-service","trace":"","apiAddr":"/api/community/check/room/guild/1","httpMethod":"GET","userId":"","message":"findUser"}
{"@timestamp":"2024-02-13T14:23:51.868+0900","level":"INFO","service":"community-service","trace":"","apiAddr":"/api/community/check/room/guild/1","httpMethod":"GET","userId":"","message":"findGuildsByUserId"}
{"@timestamp":"2024-02-13T14:23:51.870+0900","level":"INFO","service":"community-service","trace":"","apiAddr":"/api/community/check/room/guild/1","httpMethod":"GET","userId":"","message":"findGuildReadsByUserId"}
{"@timestamp":"2024-02-13T14:23:51.872+0900","level":"INFO","service":"community-service","trace":"","apiAddr":"/api/community/check/room/guild/1","httpMethod":"GET","userId":"","message":"search"}
{"@timestamp":"2024-02-13T14:23:51.893+0900","level":"INFO","service":"community-service","trace":"","apiAddr":"/api/community/check/room/guild/1","httpMethod":"GET","userId":"","message":"search"}
{"@timestamp":"2024-02-13T14:23:53.360+0900","level":"INFO","service":"community-service","trace":"","apiAddr":"/api/community/check/room/guild/1","httpMethod":"GET","userId":"","message":"findById"}
{"@timestamp":"2024-02-13T14:23:53.362+0900","level":"INFO","service":"community-service","trace":"","apiAddr":"/api/community/check/room/guild/1","httpMethod":"GET","userId":"","message":"findUser"}
{"@timestamp":"2024-02-13T14:23:53.392+0900","level":"INFO","service":"community-service","trace":"","apiAddr":"/api/community/check/room/guild/1","httpMethod":"GET","userId":"","message":"findGuildsByUserId"}
{"@timestamp":"2024-02-13T14:23:53.393+0900","level":"INFO","service":"community-service","trace":"","apiAddr":"/api/community/check/room/guild/1","httpMethod":"GET","userId":"","message":"findGuildReadsByUserId"}
{"@timestamp":"2024-02-13T14:23:53.393+0900","level":"INFO","service":"community-service","trace":"","apiAddr":"/api/community/check/room/guild/1","httpMethod":"GET","userId":"","message":"search"}
{"@timestamp":"2024-02-13T14:23:53.396+0900","level":"INFO","service":"community-service","trace":"","apiAddr":"/api/community/check/room/guild/1","httpMethod":"GET","userId":"","message":"search"}
{"@timestamp":"2024-02-13T14:23:54.893+0900","level":"INFO","service":"community-service","trace":"","apiAddr":"/api/community/check/room/guild/1","httpMethod":"GET","userId":"","message":"findById"}
{"@timestamp":"2024-02-13T14:23:54.894+0900","level":"INFO","service":"community-service","trace":"","apiAddr":"/api/community/check/room/guild/1","httpMethod":"GET","userId":"","message":"findUser"}
{"@timestamp":"2024-02-13T14:23:54.946+0900","level":"INFO","service":"community-service","trace":"","apiAddr":"/api/community/check/room/guild/1","httpMethod":"GET","userId":"","message":"findGuildsByUserId"}
{"@timestamp":"2024-02-13T14:23:54.947+0900","level":"INFO","service":"community-service","trace":"","apiAddr":"/api/community/check/room/guild/1","httpMethod":"GET","userId":"","message":"findGuildReadsByUserId"}
{"@timestamp":"2024-02-13T14:23:54.948+0900","level":"INFO","service":"community-service","trace":"","apiAddr":"/api/community/check/room/guild/1","httpMethod":"GET","userId":"","message":"search"}
{"@timestamp":"2024-02-13T14:23:54.951+0900","level":"INFO","service":"community-service","trace":"","apiAddr":"/api/community/check/room/guild/1","httpMethod":"GET","userId":"","message":"search"}
{"@timestamp":"2024-02-13T14:23:56.999+0900","level":"INFO","service":"community-service","trace":"","apiAddr":"/api/community/check/room/guild/1","httpMethod":"GET","userId":"","message":"findById"}
{"@timestamp":"2024-02-13T14:23:57.007+0900","level":"INFO","service":"community-service","trace":"","apiAddr":"/api/community/check/room/guild/1","httpMethod":"GET","userId":"","message":"findUser"}
{"@timestamp":"2024-02-13T14:23:57.046+0900","level":"INFO","service":"community-service","trace":"","apiAddr":"/api/community/check/room/guild/1","httpMethod":"GET","userId":"","message":"findGuildsByUserId"}
{"@timestamp":"2024-02-13T14:23:57.047+0900","level":"INFO","service":"community-service","trace":"","apiAddr":"/api/community/check/room/guild/1","httpMethod":"GET","userId":"","message":"findGuildReadsByUserId"}
{"@timestamp":"2024-02-13T14:23:57.047+0900","level":"INFO","service":"community-service","trace":"","apiAddr":"/api/community/check/room/guild/1","httpMethod":"GET","userId":"","message":"search"}
{"@timestamp":"2024-02-13T14:23:57.055+0900","level":"INFO","service":"community-service","trace":"","apiAddr":"/api/community/check/room/guild/1","httpMethod":"GET","userId":"","message":"search"}
{"@timestamp":"2024-02-13T14:23:59.601+0900","level":"INFO","service":"community-service","trace":"","apiAddr":"/api/community/check/room/guild/1","httpMethod":"GET","userId":"","message":"findById"}
{"@timestamp":"2024-02-13T14:23:59.604+0900","level":"INFO","service":"community-service","trace":"","apiAddr":"/api/community/check/room/guild/1","httpMethod":"GET","userId":"","message":"findUser"}
{"@timestamp":"2024-02-13T14:23:59.665+0900","level":"INFO","service":"community-service","trace":"","apiAddr":"/api/community/check/room/guild/1","httpMethod":"GET","userId":"","message":"findGuildsByUserId"}
{"@timestamp":"2024-02-13T14:23:59.666+0900","level":"INFO","service":"community-service","trace":"","apiAddr":"/api/community/check/room/guild/1","httpMethod":"GET","userId":"","message":"findGuildReadsByUserId"}
{"@timestamp":"2024-02-13T14:23:59.667+0900","level":"INFO","service":"community-service","trace":"","apiAddr":"/api/community/check/room/guild/1","httpMethod":"GET","userId":"","message":"search"}
{"@timestamp":"2024-02-13T14:23:59.728+0900","level":"INFO","service":"community-service","trace":"","apiAddr":"/api/community/check/room/guild/1","httpMethod":"GET","userId":"","message":"search"}
{"@timestamp":"2024-02-13T14:29:12.838+0900","level":"INFO","service":"community-service","trace":"","apiAddr":"/api/community/check/room/guild/1","httpMethod":"GET","userId":"","message":"findById"}
{"@timestamp":"2024-02-13T14:29:12.842+0900","level":"INFO","service":"community-service","trace":"","apiAddr":"/api/community/check/room/guild/1","httpMethod":"GET","userId":"","message":"findUser"}
{"@timestamp":"2024-02-13T14:29:12.922+0900","level":"INFO","service":"community-service","trace":"","apiAddr":"/api/community/check/room/guild/1","httpMethod":"GET","userId":"","message":"findGuildsByUserId"}
{"@timestamp":"2024-02-13T14:29:12.923+0900","level":"INFO","service":"community-service","trace":"","apiAddr":"/api/community/check/room/guild/1","httpMethod":"GET","userId":"","message":"findGuildReadsByUserId"}
{"@timestamp":"2024-02-13T14:29:12.923+0900","level":"INFO","service":"community-service","trace":"","apiAddr":"/api/community/check/room/guild/1","httpMethod":"GET","userId":"","message":"search"}
{"@timestamp":"2024-02-13T14:29:12.928+0900","level":"INFO","service":"community-service","trace":"","apiAddr":"/api/community/check/room/guild/1","httpMethod":"GET","userId":"","message":"search"}
{"@timestamp":"2024-02-13T14:33:23.750+0900","level":"INFO","service":"community-service","trace":"","apiAddr":"/api/community/check/room/guild/3","httpMethod":"GET","userId":"","message":"findById"}
{"@timestamp":"2024-02-13T14:33:23.764+0900","level":"INFO","service":"community-service","trace":"","apiAddr":"/api/community/check/room/guild/3","httpMethod":"GET","userId":"","message":"findUser"}
{"@timestamp":"2024-02-13T14:33:23.934+0900","level":"INFO","service":"community-service","trace":"","apiAddr":"/api/community/check/room/guild/3","httpMethod":"GET","userId":"","message":"findGuildsByUserId"}
{"@timestamp":"2024-02-13T14:33:23.934+0900","level":"INFO","service":"community-service","trace":"","apiAddr":"/api/community/check/room/guild/3","httpMethod":"GET","userId":"","message":"findGuildReadsByUserId"}
{"@timestamp":"2024-02-13T14:33:23.934+0900","level":"INFO","service":"community-service","trace":"","apiAddr":"/api/community/check/room/guild/3","httpMethod":"GET","userId":"","message":"search"}
{"@timestamp":"2024-02-13T14:33:23.944+0900","level":"INFO","service":"community-service","trace":"","apiAddr":"/api/community/check/room/guild/3","httpMethod":"GET","userId":"","message":"search"}
{"@timestamp":"2024-02-13T14:33:31.489+0900","level":"INFO","service":"community-service","trace":"","apiAddr":"/api/community/check/room/guild/2","httpMethod":"GET","userId":"","message":"findById"}
{"@timestamp":"2024-02-13T14:33:31.493+0900","level":"INFO","service":"community-service","trace":"","apiAddr":"/api/community/check/room/guild/2","httpMethod":"GET","userId":"","message":"findUser"}
{"@timestamp":"2024-02-13T14:33:31.562+0900","level":"INFO","service":"community-service","trace":"","apiAddr":"/api/community/check/room/guild/2","httpMethod":"GET","userId":"","message":"findGuildsByUserId"}
{"@timestamp":"2024-02-13T14:33:31.563+0900","level":"INFO","service":"community-service","trace":"","apiAddr":"/api/community/check/room/guild/2","httpMethod":"GET","userId":"","message":"findGuildReadsByUserId"}
{"@timestamp":"2024-02-13T14:33:31.563+0900","level":"INFO","service":"community-service","trace":"","apiAddr":"/api/community/check/room/guild/2","httpMethod":"GET","userId":"","message":"search"}
{"@timestamp":"2024-02-13T14:33:31.580+0900","level":"INFO","service":"community-service","trace":"","apiAddr":"/api/community/check/room/guild/2","httpMethod":"GET","userId":"","message":"search"}
{"@timestamp":"2024-02-13T14:33:45.179+0900","level":"INFO","service":"community-service","trace":"","apiAddr":"/api/community/check/room/guild/1","httpMethod":"GET","userId":"","message":"findById"}
{"@timestamp":"2024-02-13T14:33:45.181+0900","level":"INFO","service":"community-service","trace":"","apiAddr":"/api/community/check/room/guild/1","httpMethod":"GET","userId":"","message":"findUser"}
{"@timestamp":"2024-02-13T14:33:45.196+0900","level":"INFO","service":"community-service","trace":"","apiAddr":"/api/community/check/room/guild/1","httpMethod":"GET","userId":"","message":"findGuildsByUserId"}
{"@timestamp":"2024-02-13T14:33:45.197+0900","level":"INFO","service":"community-service","trace":"","apiAddr":"/api/community/check/room/guild/1","httpMethod":"GET","userId":"","message":"findGuildReadsByUserId"}
{"@timestamp":"2024-02-13T14:33:45.197+0900","level":"INFO","service":"community-service","trace":"","apiAddr":"/api/community/check/room/guild/1","httpMethod":"GET","userId":"","message":"search"}
{"@timestamp":"2024-02-13T14:33:45.200+0900","level":"INFO","service":"community-service","trace":"","apiAddr":"/api/community/check/room/guild/1","httpMethod":"GET","userId":"","message":"search"}
{"@timestamp":"2024-02-13T14:33:48.849+0900","level":"INFO","service":"community-service","trace":"","apiAddr":"/api/community/check/room/guild/3","httpMethod":"GET","userId":"","message":"findById"}
{"@timestamp":"2024-02-13T14:33:48.850+0900","level":"INFO","service":"community-service","trace":"","apiAddr":"/api/community/check/room/guild/3","httpMethod":"GET","userId":"","message":"findUser"}
{"@timestamp":"2024-02-13T14:33:48.859+0900","level":"INFO","service":"community-service","trace":"","apiAddr":"/api/community/check/room/guild/3","httpMethod":"GET","userId":"","message":"findGuildsByUserId"}
{"@timestamp":"2024-02-13T14:33:48.860+0900","level":"INFO","service":"community-service","trace":"","apiAddr":"/api/community/check/room/guild/3","httpMethod":"GET","userId":"","message":"findGuildReadsByUserId"}
{"@timestamp":"2024-02-13T14:33:48.860+0900","level":"INFO","service":"community-service","trace":"","apiAddr":"/api/community/check/room/guild/3","httpMethod":"GET","userId":"","message":"search"}
{"@timestamp":"2024-02-13T14:33:48.862+0900","level":"INFO","service":"community-service","trace":"","apiAddr":"/api/community/check/room/guild/3","httpMethod":"GET","userId":"","message":"search"}
{"@timestamp":"2024-02-13T14:33:51.147+0900","level":"INFO","service":"community-service","trace":"","apiAddr":"/api/community/check/room/guild/2","httpMethod":"GET","userId":"","message":"findById"}
{"@timestamp":"2024-02-13T14:33:51.148+0900","level":"INFO","service":"community-service","trace":"","apiAddr":"/api/community/check/room/guild/2","httpMethod":"GET","userId":"","message":"findUser"}
{"@timestamp":"2024-02-13T14:33:51.172+0900","level":"INFO","service":"community-service","trace":"","apiAddr":"/api/community/check/room/guild/2","httpMethod":"GET","userId":"","message":"findGuildsByUserId"}
{"@timestamp":"2024-02-13T14:33:51.173+0900","level":"INFO","service":"community-service","trace":"","apiAddr":"/api/community/check/room/guild/2","httpMethod":"GET","userId":"","message":"findGuildReadsByUserId"}
{"@timestamp":"2024-02-13T14:33:51.173+0900","level":"INFO","service":"community-service","trace":"","apiAddr":"/api/community/check/room/guild/2","httpMethod":"GET","userId":"","message":"search"}
{"@timestamp":"2024-02-13T14:33:51.188+0900","level":"INFO","service":"community-service","trace":"","apiAddr":"/api/community/check/room/guild/2","httpMethod":"GET","userId":"","message":"search"}
{"@timestamp":"2024-02-13T14:37:48.056+0900","level":"INFO","service":"community-service","trace":"","apiAddr":"/api/community/check/room/guild/1","httpMethod":"GET","userId":"","message":"findById"}
{"@timestamp":"2024-02-13T14:37:48.061+0900","level":"INFO","service":"community-service","trace":"","apiAddr":"/api/community/check/room/guild/1","httpMethod":"GET","userId":"","message":"findUser"}
{"@timestamp":"2024-02-13T14:37:48.363+0900","level":"INFO","service":"community-service","trace":"","apiAddr":"/api/community/check/room/guild/1","httpMethod":"GET","userId":"","message":"findGuildsByUserId"}
{"@timestamp":"2024-02-13T14:37:48.363+0900","level":"INFO","service":"community-service","trace":"","apiAddr":"/api/community/check/room/guild/1","httpMethod":"GET","userId":"","message":"findGuildReadsByUserId"}
{"@timestamp":"2024-02-13T14:37:48.365+0900","level":"INFO","service":"community-service","trace":"","apiAddr":"/api/community/check/room/guild/1","httpMethod":"GET","userId":"","message":"search"}
{"@timestamp":"2024-02-13T14:37:48.374+0900","level":"INFO","service":"community-service","trace":"","apiAddr":"/api/community/check/room/guild/1","httpMethod":"GET","userId":"","message":"search"}
{"@timestamp":"2024-02-13T14:38:06.936+0900","level":"INFO","service":"community-service","trace":"","apiAddr":"/api/community/check/room/guild/1","httpMethod":"GET","userId":"","message":"findById"}
{"@timestamp":"2024-02-13T14:38:06.941+0900","level":"INFO","service":"community-service","trace":"","apiAddr":"/api/community/check/room/guild/1","httpMethod":"GET","userId":"","message":"findUser"}
{"@timestamp":"2024-02-13T14:38:07.014+0900","level":"INFO","service":"community-service","trace":"","apiAddr":"/api/community/check/room/guild/1","httpMethod":"GET","userId":"","message":"findGuildsByUserId"}
{"@timestamp":"2024-02-13T14:38:07.015+0900","level":"INFO","service":"community-service","trace":"","apiAddr":"/api/community/check/room/guild/1","httpMethod":"GET","userId":"","message":"findGuildReadsByUserId"}
{"@timestamp":"2024-02-13T14:38:07.015+0900","level":"INFO","service":"community-service","trace":"","apiAddr":"/api/community/check/room/guild/1","httpMethod":"GET","userId":"","message":"search"}
{"@timestamp":"2024-02-13T14:38:07.022+0900","level":"INFO","service":"community-service","trace":"","apiAddr":"/api/community/check/room/guild/1","httpMethod":"GET","userId":"","message":"search"}
{"@timestamp":"2024-02-13T14:41:58.026+0900","level":"INFO","service":"community-service","trace":"","apiAddr":"/api/community/check/room/guild/1","httpMethod":"GET","userId":"","message":"findById"}
{"@timestamp":"2024-02-13T14:41:58.042+0900","level":"INFO","service":"community-service","trace":"","apiAddr":"/api/community/check/room/guild/1","httpMethod":"GET","userId":"","message":"findUser"}
{"@timestamp":"2024-02-13T14:41:58.196+0900","level":"INFO","service":"community-service","trace":"","apiAddr":"/api/community/check/room/guild/1","httpMethod":"GET","userId":"","message":"findGuildsByUserId"}
{"@timestamp":"2024-02-13T14:41:58.197+0900","level":"INFO","service":"community-service","trace":"","apiAddr":"/api/community/check/room/guild/1","httpMethod":"GET","userId":"","message":"findGuildReadsByUserId"}
{"@timestamp":"2024-02-13T14:41:58.197+0900","level":"INFO","service":"community-service","trace":"","apiAddr":"/api/community/check/room/guild/1","httpMethod":"GET","userId":"","message":"search"}
{"@timestamp":"2024-02-13T14:41:58.206+0900","level":"INFO","service":"community-service","trace":"","apiAddr":"/api/community/check/room/guild/1","httpMethod":"GET","userId":"","message":"search"}
{"@timestamp":"2024-02-13T14:41:59.794+0900","level":"INFO","service":"community-service","trace":"","apiAddr":"/api/community/check/room/guild/2","httpMethod":"GET","userId":"","message":"findById"}
{"@timestamp":"2024-02-13T14:41:59.794+0900","level":"INFO","service":"community-service","trace":"","apiAddr":"/api/community/check/room/guild/2","httpMethod":"GET","userId":"","message":"findUser"}
{"@timestamp":"2024-02-13T14:41:59.827+0900","level":"INFO","service":"community-service","trace":"","apiAddr":"/api/community/check/room/guild/2","httpMethod":"GET","userId":"","message":"findGuildsByUserId"}
{"@timestamp":"2024-02-13T14:41:59.827+0900","level":"INFO","service":"community-service","trace":"","apiAddr":"/api/community/check/room/guild/2","httpMethod":"GET","userId":"","message":"findGuildReadsByUserId"}
{"@timestamp":"2024-02-13T14:41:59.828+0900","level":"INFO","service":"community-service","trace":"","apiAddr":"/api/community/check/room/guild/2","httpMethod":"GET","userId":"","message":"search"}
{"@timestamp":"2024-02-13T14:41:59.832+0900","level":"INFO","service":"community-service","trace":"","apiAddr":"/api/community/check/room/guild/2","httpMethod":"GET","userId":"","message":"search"}
{"@timestamp":"2024-02-13T14:42:02.003+0900","level":"INFO","service":"community-service","trace":"","apiAddr":"/api/community/check/room/guild/3","httpMethod":"GET","userId":"","message":"findById"}
{"@timestamp":"2024-02-13T14:42:02.007+0900","level":"INFO","service":"community-service","trace":"","apiAddr":"/api/community/check/room/guild/3","httpMethod":"GET","userId":"","message":"findUser"}
{"@timestamp":"2024-02-13T14:42:02.029+0900","level":"INFO","service":"community-service","trace":"","apiAddr":"/api/community/check/room/guild/3","httpMethod":"GET","userId":"","message":"findGuildsByUserId"}
{"@timestamp":"2024-02-13T14:42:02.029+0900","level":"INFO","service":"community-service","trace":"","apiAddr":"/api/community/check/room/guild/3","httpMethod":"GET","userId":"","message":"findGuildReadsByUserId"}
{"@timestamp":"2024-02-13T14:42:02.029+0900","level":"INFO","service":"community-service","trace":"","apiAddr":"/api/community/check/room/guild/3","httpMethod":"GET","userId":"","message":"search"}
{"@timestamp":"2024-02-13T14:42:02.032+0900","level":"INFO","service":"community-service","trace":"","apiAddr":"/api/community/check/room/guild/3","httpMethod":"GET","userId":"","message":"search"}
{"@timestamp":"2024-02-13T14:42:23.293+0900","level":"INFO","service":"community-service","trace":"","apiAddr":"/api/community/check/room/guild/1","httpMethod":"GET","userId":"","message":"findById"}
{"@timestamp":"2024-02-13T14:42:23.295+0900","level":"INFO","service":"community-service","trace":"","apiAddr":"/api/community/check/room/guild/1","httpMethod":"GET","userId":"","message":"findUser"}
{"@timestamp":"2024-02-13T14:42:23.328+0900","level":"INFO","service":"community-service","trace":"","apiAddr":"/api/community/check/room/guild/1","httpMethod":"GET","userId":"","message":"findGuildsByUserId"}
{"@timestamp":"2024-02-13T14:42:23.328+0900","level":"INFO","service":"community-service","trace":"","apiAddr":"/api/community/check/room/guild/1","httpMethod":"GET","userId":"","message":"findGuildReadsByUserId"}
{"@timestamp":"2024-02-13T14:42:23.329+0900","level":"INFO","service":"community-service","trace":"","apiAddr":"/api/community/check/room/guild/1","httpMethod":"GET","userId":"","message":"search"}
{"@timestamp":"2024-02-13T14:42:23.333+0900","level":"INFO","service":"community-service","trace":"","apiAddr":"/api/community/check/room/guild/1","httpMethod":"GET","userId":"","message":"search"}
{"@timestamp":"2024-02-13T14:42:23.981+0900","level":"INFO","service":"community-service","trace":"","apiAddr":"/api/community/check/room/guild/1","httpMethod":"GET","userId":"","message":"findById"}
{"@timestamp":"2024-02-13T14:42:23.982+0900","level":"INFO","service":"community-service","trace":"","apiAddr":"/api/community/check/room/guild/1","httpMethod":"GET","userId":"","message":"findUser"}
{"@timestamp":"2024-02-13T14:42:24.003+0900","level":"INFO","service":"community-service","trace":"","apiAddr":"/api/community/check/room/guild/1","httpMethod":"GET","userId":"","message":"findGuildsByUserId"}
{"@timestamp":"2024-02-13T14:42:24.003+0900","level":"INFO","service":"community-service","trace":"","apiAddr":"/api/community/check/room/guild/1","httpMethod":"GET","userId":"","message":"findGuildReadsByUserId"}
{"@timestamp":"2024-02-13T14:42:24.003+0900","level":"INFO","service":"community-service","trace":"","apiAddr":"/api/community/check/room/guild/1","httpMethod":"GET","userId":"","message":"search"}
{"@timestamp":"2024-02-13T14:42:24.009+0900","level":"INFO","service":"community-service","trace":"","apiAddr":"/api/community/check/room/guild/1","httpMethod":"GET","userId":"","message":"search"}
{"@timestamp":"2024-02-13T14:42:39.300+0900","level":"INFO","service":"community-service","trace":"","apiAddr":"/api/community/check/room/guild/1","httpMethod":"GET","userId":"","message":"findById"}
{"@timestamp":"2024-02-13T14:42:39.318+0900","level":"INFO","service":"community-service","trace":"","apiAddr":"/api/community/check/room/guild/1","httpMethod":"GET","userId":"","message":"findUser"}
{"@timestamp":"2024-02-13T14:42:39.706+0900","level":"INFO","service":"community-service","trace":"","apiAddr":"/api/community/check/room/guild/1","httpMethod":"GET","userId":"","message":"findGuildsByUserId"}
{"@timestamp":"2024-02-13T14:42:39.707+0900","level":"INFO","service":"community-service","trace":"","apiAddr":"/api/community/check/room/guild/1","httpMethod":"GET","userId":"","message":"findGuildReadsByUserId"}
{"@timestamp":"2024-02-13T14:42:39.708+0900","level":"INFO","service":"community-service","trace":"","apiAddr":"/api/community/check/room/guild/1","httpMethod":"GET","userId":"","message":"search"}
{"@timestamp":"2024-02-13T14:42:40.444+0900","level":"INFO","service":"community-service","trace":"","apiAddr":"/api/community/check/room/guild/1","httpMethod":"GET","userId":"","message":"search"}
{"@timestamp":"2024-02-13T14:42:49.124+0900","level":"INFO","service":"community-service","trace":"","apiAddr":"/api/community/check/room/guild/4","httpMethod":"GET","userId":"","message":"findById"}
{"@timestamp":"2024-02-13T14:42:49.126+0900","level":"INFO","service":"community-service","trace":"","apiAddr":"/api/community/check/room/guild/4","httpMethod":"GET","userId":"","message":"findUser"}
{"@timestamp":"2024-02-13T14:42:49.205+0900","level":"INFO","service":"community-service","trace":"","apiAddr":"/api/community/check/room/guild/4","httpMethod":"GET","userId":"","message":"findGuildsByUserId"}
{"@timestamp":"2024-02-13T14:42:49.206+0900","level":"INFO","service":"community-service","trace":"","apiAddr":"/api/community/check/room/guild/4","httpMethod":"GET","userId":"","message":"findGuildReadsByUserId"}
{"@timestamp":"2024-02-13T14:42:49.206+0900","level":"INFO","service":"community-service","trace":"","apiAddr":"/api/community/check/room/guild/4","httpMethod":"GET","userId":"","message":"search"}
{"@timestamp":"2024-02-13T14:42:49.213+0900","level":"INFO","service":"community-service","trace":"","apiAddr":"/api/community/check/room/guild/4","httpMethod":"GET","userId":"","message":"search"}
{"@timestamp":"2024-02-13T14:42:56.175+0900","level":"INFO","service":"community-service","trace":"","apiAddr":"/api/community/check/room/guild/1","httpMethod":"GET","userId":"","message":"findById"}
{"@timestamp":"2024-02-13T14:42:56.183+0900","level":"INFO","service":"community-service","trace":"","apiAddr":"/api/community/check/room/guild/1","httpMethod":"GET","userId":"","message":"findUser"}
{"@timestamp":"2024-02-13T14:42:56.265+0900","level":"INFO","service":"community-service","trace":"","apiAddr":"/api/community/check/room/guild/1","httpMethod":"GET","userId":"","message":"findGuildsByUserId"}
{"@timestamp":"2024-02-13T14:42:56.266+0900","level":"INFO","service":"community-service","trace":"","apiAddr":"/api/community/check/room/guild/1","httpMethod":"GET","userId":"","message":"findGuildReadsByUserId"}
{"@timestamp":"2024-02-13T14:42:56.266+0900","level":"INFO","service":"community-service","trace":"","apiAddr":"/api/community/check/room/guild/1","httpMethod":"GET","userId":"","message":"search"}
{"@timestamp":"2024-02-13T14:42:56.295+0900","level":"INFO","service":"community-service","trace":"","apiAddr":"/api/community/check/room/guild/1","httpMethod":"GET","userId":"","message":"search"}
{"@timestamp":"2024-02-13T14:43:42.122+0900","level":"INFO","service":"community-service","trace":"","apiAddr":"/api/community/check/room/guild/1","httpMethod":"GET","userId":"","message":"findById"}
{"@timestamp":"2024-02-13T14:43:42.130+0900","level":"INFO","service":"community-service","trace":"","apiAddr":"/api/community/check/room/guild/1","httpMethod":"GET","userId":"","message":"findUser"}
{"@timestamp":"2024-02-13T14:43:42.406+0900","level":"INFO","service":"community-service","trace":"","apiAddr":"/api/community/check/room/guild/1","httpMethod":"GET","userId":"","message":"findById"}
{"@timestamp":"2024-02-13T14:43:42.407+0900","level":"INFO","service":"community-service","trace":"","apiAddr":"/api/community/check/room/guild/1","httpMethod":"GET","userId":"","message":"findUser"}
{"@timestamp":"2024-02-13T14:43:42.440+0900","level":"INFO","service":"community-service","trace":"","apiAddr":"/api/community/check/room/guild/1","httpMethod":"GET","userId":"","message":"findGuildsByUserId"}
{"@timestamp":"2024-02-13T14:43:42.441+0900","level":"INFO","service":"community-service","trace":"","apiAddr":"/api/community/check/room/guild/1","httpMethod":"GET","userId":"","message":"findGuildReadsByUserId"}
{"@timestamp":"2024-02-13T14:43:42.443+0900","level":"INFO","service":"community-service","trace":"","apiAddr":"/api/community/check/room/guild/1","httpMethod":"GET","userId":"","message":"search"}
{"@timestamp":"2024-02-13T14:43:42.468+0900","level":"INFO","service":"community-service","trace":"","apiAddr":"/api/community/check/room/guild/1","httpMethod":"GET","userId":"","message":"search"}
{"@timestamp":"2024-02-13T14:43:42.488+0900","level":"INFO","service":"community-service","trace":"","apiAddr":"/api/community/check/room/guild/1","httpMethod":"GET","userId":"","message":"findGuildsByUserId"}
{"@timestamp":"2024-02-13T14:43:42.489+0900","level":"INFO","service":"community-service","trace":"","apiAddr":"/api/community/check/room/guild/1","httpMethod":"GET","userId":"","message":"findGuildReadsByUserId"}
{"@timestamp":"2024-02-13T14:43:42.489+0900","level":"INFO","service":"community-service","trace":"","apiAddr":"/api/community/check/room/guild/1","httpMethod":"GET","userId":"","message":"search"}
{"@timestamp":"2024-02-13T14:43:42.501+0900","level":"INFO","service":"community-service","trace":"","apiAddr":"/api/community/check/room/guild/1","httpMethod":"GET","userId":"","message":"search"}
{"@timestamp":"2024-02-13T14:44:19.070+0900","level":"INFO","service":"community-service","trace":"","apiAddr":"/api/community/check/room/guild/1","httpMethod":"GET","userId":"","message":"findById"}
{"@timestamp":"2024-02-13T14:44:19.072+0900","level":"INFO","service":"community-service","trace":"","apiAddr":"/api/community/check/room/guild/1","httpMethod":"GET","userId":"","message":"findUser"}
{"@timestamp":"2024-02-13T14:44:19.134+0900","level":"INFO","service":"community-service","trace":"","apiAddr":"/api/community/check/room/guild/1","httpMethod":"GET","userId":"","message":"findGuildsByUserId"}
{"@timestamp":"2024-02-13T14:44:19.134+0900","level":"INFO","service":"community-service","trace":"","apiAddr":"/api/community/check/room/guild/1","httpMethod":"GET","userId":"","message":"findGuildReadsByUserId"}
{"@timestamp":"2024-02-13T14:44:19.135+0900","level":"INFO","service":"community-service","trace":"","apiAddr":"/api/community/check/room/guild/1","httpMethod":"GET","userId":"","message":"search"}
{"@timestamp":"2024-02-13T14:44:19.164+0900","level":"INFO","service":"community-service","trace":"","apiAddr":"/api/community/check/room/guild/1","httpMethod":"GET","userId":"","message":"search"}
{"@timestamp":"2024-02-13T14:46:14.918+0900","level":"INFO","service":"community-service","trace":"","apiAddr":"/api/community/check/room/guild/1","httpMethod":"GET","userId":"","message":"findById"}
{"@timestamp":"2024-02-13T14:46:14.921+0900","level":"INFO","service":"community-service","trace":"","apiAddr":"/api/community/check/room/guild/1","httpMethod":"GET","userId":"","message":"findUser"}
{"@timestamp":"2024-02-13T14:46:15.022+0900","level":"INFO","service":"community-service","trace":"","apiAddr":"/api/community/check/room/guild/1","httpMethod":"GET","userId":"","message":"findGuildsByUserId"}
{"@timestamp":"2024-02-13T14:46:15.024+0900","level":"INFO","service":"community-service","trace":"","apiAddr":"/api/community/check/room/guild/1","httpMethod":"GET","userId":"","message":"findGuildReadsByUserId"}
{"@timestamp":"2024-02-13T14:46:15.024+0900","level":"INFO","service":"community-service","trace":"","apiAddr":"/api/community/check/room/guild/1","httpMethod":"GET","userId":"","message":"search"}
{"@timestamp":"2024-02-13T14:46:15.028+0900","level":"INFO","service":"community-service","trace":"","apiAddr":"/api/community/check/room/guild/1","httpMethod":"GET","userId":"","message":"search"}
{"@timestamp":"2024-02-13T14:46:15.937+0900","level":"INFO","service":"community-service","trace":"","apiAddr":"/api/community/check/room/guild/1","httpMethod":"GET","userId":"","message":"findById"}
{"@timestamp":"2024-02-13T14:46:15.938+0900","level":"INFO","service":"community-service","trace":"","apiAddr":"/api/community/check/room/guild/1","httpMethod":"GET","userId":"","message":"findUser"}
{"@timestamp":"2024-02-13T14:46:15.957+0900","level":"INFO","service":"community-service","trace":"","apiAddr":"/api/community/check/room/guild/1","httpMethod":"GET","userId":"","message":"findGuildsByUserId"}
{"@timestamp":"2024-02-13T14:46:15.958+0900","level":"INFO","service":"community-service","trace":"","apiAddr":"/api/community/check/room/guild/1","httpMethod":"GET","userId":"","message":"findGuildReadsByUserId"}
{"@timestamp":"2024-02-13T14:46:15.958+0900","level":"INFO","service":"community-service","trace":"","apiAddr":"/api/community/check/room/guild/1","httpMethod":"GET","userId":"","message":"search"}
{"@timestamp":"2024-02-13T14:46:15.963+0900","level":"INFO","service":"community-service","trace":"","apiAddr":"/api/community/check/room/guild/1","httpMethod":"GET","userId":"","message":"search"}
{"@timestamp":"2024-02-13T15:45:12.150+0900","level":"INFO","service":"community-service","trace":"","apiAddr":"/api/community/check/room/guild/1","httpMethod":"GET","userId":"","message":"findById"}
{"@timestamp":"2024-02-13T15:45:12.167+0900","level":"INFO","service":"community-service","trace":"","apiAddr":"/api/community/check/room/guild/1","httpMethod":"GET","userId":"","message":"findUser"}
{"@timestamp":"2024-02-13T15:45:12.268+0900","level":"INFO","service":"community-service","trace":"","apiAddr":"/api/community/check/room/guild/1","httpMethod":"GET","userId":"","message":"findGuildsByUserId"}
{"@timestamp":"2024-02-13T15:45:12.268+0900","level":"INFO","service":"community-service","trace":"","apiAddr":"/api/community/check/room/guild/1","httpMethod":"GET","userId":"","message":"findGuildReadsByUserId"}
{"@timestamp":"2024-02-13T15:45:12.269+0900","level":"INFO","service":"community-service","trace":"","apiAddr":"/api/community/check/room/guild/1","httpMethod":"GET","userId":"","message":"search"}
{"@timestamp":"2024-02-13T15:45:12.273+0900","level":"INFO","service":"community-service","trace":"","apiAddr":"/api/community/check/room/guild/1","httpMethod":"GET","userId":"","message":"search"}
{"@timestamp":"2024-02-13T15:45:58.847+0900","level":"INFO","service":"community-service","trace":"","apiAddr":"/api/community/check/room/guild/1","httpMethod":"GET","userId":"","message":"findById"}
{"@timestamp":"2024-02-13T15:45:58.848+0900","level":"INFO","service":"community-service","trace":"","apiAddr":"/api/community/check/room/guild/1","httpMethod":"GET","userId":"","message":"findUser"}
{"@timestamp":"2024-02-13T15:45:58.873+0900","level":"INFO","service":"community-service","trace":"","apiAddr":"/api/community/check/room/guild/1","httpMethod":"GET","userId":"","message":"findGuildsByUserId"}
{"@timestamp":"2024-02-13T15:45:58.874+0900","level":"INFO","service":"community-service","trace":"","apiAddr":"/api/community/check/room/guild/1","httpMethod":"GET","userId":"","message":"findGuildReadsByUserId"}
{"@timestamp":"2024-02-13T15:45:58.875+0900","level":"INFO","service":"community-service","trace":"","apiAddr":"/api/community/check/room/guild/1","httpMethod":"GET","userId":"","message":"search"}
{"@timestamp":"2024-02-13T15:45:58.878+0900","level":"INFO","service":"community-service","trace":"","apiAddr":"/api/community/check/room/guild/1","httpMethod":"GET","userId":"","message":"search"}
{"@timestamp":"2024-02-13T15:48:10.120+0900","level":"INFO","service":"community-service","trace":"","apiAddr":"/api/community/check/room/guild/1","httpMethod":"GET","userId":"","message":"findById"}
{"@timestamp":"2024-02-13T15:48:10.126+0900","level":"INFO","service":"community-service","trace":"","apiAddr":"/api/community/check/room/guild/1","httpMethod":"GET","userId":"","message":"findUser"}
{"@timestamp":"2024-02-13T15:48:10.207+0900","level":"INFO","service":"community-service","trace":"","apiAddr":"/api/community/check/room/guild/1","httpMethod":"GET","userId":"","message":"findGuildsByUserId"}
{"@timestamp":"2024-02-13T15:48:10.208+0900","level":"INFO","service":"community-service","trace":"","apiAddr":"/api/community/check/room/guild/1","httpMethod":"GET","userId":"","message":"findGuildReadsByUserId"}
{"@timestamp":"2024-02-13T15:48:10.208+0900","level":"INFO","service":"community-service","trace":"","apiAddr":"/api/community/check/room/guild/1","httpMethod":"GET","userId":"","message":"search"}
{"@timestamp":"2024-02-13T15:48:10.212+0900","level":"INFO","service":"community-service","trace":"","apiAddr":"/api/community/check/room/guild/1","httpMethod":"GET","userId":"","message":"search"}
{"@timestamp":"2024-02-13T15:48:16.002+0900","level":"INFO","service":"community-service","trace":"","apiAddr":"/api/community/check/room/guild/1","httpMethod":"GET","userId":"","message":"findById"}
{"@timestamp":"2024-02-13T15:48:16.003+0900","level":"INFO","service":"community-service","trace":"","apiAddr":"/api/community/check/room/guild/1","httpMethod":"GET","userId":"","message":"findUser"}
{"@timestamp":"2024-02-13T15:48:16.014+0900","level":"INFO","service":"community-service","trace":"","apiAddr":"/api/community/check/room/guild/1","httpMethod":"GET","userId":"","message":"findGuildsByUserId"}
{"@timestamp":"2024-02-13T15:48:16.015+0900","level":"INFO","service":"community-service","trace":"","apiAddr":"/api/community/check/room/guild/1","httpMethod":"GET","userId":"","message":"findGuildReadsByUserId"}
{"@timestamp":"2024-02-13T15:48:16.015+0900","level":"INFO","service":"community-service","trace":"","apiAddr":"/api/community/check/room/guild/1","httpMethod":"GET","userId":"","message":"search"}
{"@timestamp":"2024-02-13T15:48:16.019+0900","level":"INFO","service":"community-service","trace":"","apiAddr":"/api/community/check/room/guild/1","httpMethod":"GET","userId":"","message":"search"}
{"@timestamp":"2024-02-13T15:53:45.779+0900","level":"INFO","service":"community-service","trace":"","apiAddr":"/api/community/check/room/guild/1","httpMethod":"GET","userId":"","message":"findById"}
{"@timestamp":"2024-02-13T15:53:45.784+0900","level":"INFO","service":"community-service","trace":"","apiAddr":"/api/community/check/room/guild/1","httpMethod":"GET","userId":"","message":"findUser"}
{"@timestamp":"2024-02-13T15:53:45.822+0900","level":"INFO","service":"community-service","trace":"","apiAddr":"/api/community/check/room/guild/1","httpMethod":"GET","userId":"","message":"findGuildsByUserId"}
{"@timestamp":"2024-02-13T15:53:45.822+0900","level":"INFO","service":"community-service","trace":"","apiAddr":"/api/community/check/room/guild/1","httpMethod":"GET","userId":"","message":"findGuildReadsByUserId"}
{"@timestamp":"2024-02-13T15:53:45.822+0900","level":"INFO","service":"community-service","trace":"","apiAddr":"/api/community/check/room/guild/1","httpMethod":"GET","userId":"","message":"search"}
{"@timestamp":"2024-02-13T15:53:45.825+0900","level":"INFO","service":"community-service","trace":"","apiAddr":"/api/community/check/room/guild/1","httpMethod":"GET","userId":"","message":"search"}
{"@timestamp":"2024-02-13T15:53:45.917+0900","level":"INFO","service":"community-service","trace":"","apiAddr":"/api/community/check/room/guild/1","httpMethod":"GET","userId":"","message":"findById"}
{"@timestamp":"2024-02-13T15:53:45.917+0900","level":"INFO","service":"community-service","trace":"","apiAddr":"/api/community/check/room/guild/1","httpMethod":"GET","userId":"","message":"findUser"}
{"@timestamp":"2024-02-13T15:53:45.924+0900","level":"INFO","service":"community-service","trace":"","apiAddr":"/api/community/check/room/guild/1","httpMethod":"GET","userId":"","message":"findGuildsByUserId"}
{"@timestamp":"2024-02-13T15:53:45.924+0900","level":"INFO","service":"community-service","trace":"","apiAddr":"/api/community/check/room/guild/1","httpMethod":"GET","userId":"","message":"findGuildReadsByUserId"}
{"@timestamp":"2024-02-13T15:53:45.925+0900","level":"INFO","service":"community-service","trace":"","apiAddr":"/api/community/check/room/guild/1","httpMethod":"GET","userId":"","message":"search"}
{"@timestamp":"2024-02-13T15:53:45.927+0900","level":"INFO","service":"community-service","trace":"","apiAddr":"/api/community/check/room/guild/1","httpMethod":"GET","userId":"","message":"search"}
{"@timestamp":"2024-02-13T16:00:27.022+0900","level":"INFO","service":"community-service","trace":"","apiAddr":"/api/community/check/room/guild/1","httpMethod":"GET","userId":"","message":"findById"}
{"@timestamp":"2024-02-13T16:00:27.022+0900","level":"INFO","service":"community-service","trace":"","apiAddr":"/api/community/check/room/guild/1","httpMethod":"GET","userId":"","message":"findById"}
{"@timestamp":"2024-02-13T16:00:27.022+0900","level":"INFO","service":"community-service","trace":"","apiAddr":"/api/community/check/room/guild/3","httpMethod":"GET","userId":"","message":"findById"}
{"@timestamp":"2024-02-13T16:00:27.022+0900","level":"INFO","service":"community-service","trace":"","apiAddr":"/api/community/check/room/guild/4","httpMethod":"GET","userId":"","message":"findById"}
{"@timestamp":"2024-02-13T16:00:27.023+0900","level":"INFO","service":"community-service","trace":"","apiAddr":"/api/community/check/room/guild/2","httpMethod":"GET","userId":"","message":"findById"}
{"@timestamp":"2024-02-13T16:00:27.023+0900","level":"INFO","service":"community-service","trace":"","apiAddr":"/api/community/check/room/guild/1","httpMethod":"GET","userId":"","message":"findUser"}
{"@timestamp":"2024-02-13T16:00:27.024+0900","level":"INFO","service":"community-service","trace":"","apiAddr":"/api/community/check/room/guild/1","httpMethod":"GET","userId":"","message":"findUser"}
{"@timestamp":"2024-02-13T16:00:27.024+0900","level":"INFO","service":"community-service","trace":"","apiAddr":"/api/community/check/room/guild/3","httpMethod":"GET","userId":"","message":"findUser"}
{"@timestamp":"2024-02-13T16:00:27.024+0900","level":"INFO","service":"community-service","trace":"","apiAddr":"/api/community/check/room/guild/2","httpMethod":"GET","userId":"","message":"findUser"}
{"@timestamp":"2024-02-13T16:00:27.024+0900","level":"INFO","service":"community-service","trace":"","apiAddr":"/api/community/check/room/guild/4","httpMethod":"GET","userId":"","message":"findUser"}
{"@timestamp":"2024-02-13T16:00:27.041+0900","level":"INFO","service":"community-service","trace":"","apiAddr":"/api/community/check/room/guild/2","httpMethod":"GET","userId":"","message":"findGuildsByUserId"}
{"@timestamp":"2024-02-13T16:00:27.041+0900","level":"INFO","service":"community-service","trace":"","apiAddr":"/api/community/check/room/guild/3","httpMethod":"GET","userId":"","message":"findGuildsByUserId"}
{"@timestamp":"2024-02-13T16:00:27.041+0900","level":"INFO","service":"community-service","trace":"","apiAddr":"/api/community/check/room/guild/4","httpMethod":"GET","userId":"","message":"findGuildsByUserId"}
{"@timestamp":"2024-02-13T16:00:27.042+0900","level":"INFO","service":"community-service","trace":"","apiAddr":"/api/community/check/room/guild/2","httpMethod":"GET","userId":"","message":"findGuildReadsByUserId"}
{"@timestamp":"2024-02-13T16:00:27.042+0900","level":"INFO","service":"community-service","trace":"","apiAddr":"/api/community/check/room/guild/3","httpMethod":"GET","userId":"","message":"findGuildReadsByUserId"}
{"@timestamp":"2024-02-13T16:00:27.042+0900","level":"INFO","service":"community-service","trace":"","apiAddr":"/api/community/check/room/guild/2","httpMethod":"GET","userId":"","message":"search"}
{"@timestamp":"2024-02-13T16:00:27.042+0900","level":"INFO","service":"community-service","trace":"","apiAddr":"/api/community/check/room/guild/4","httpMethod":"GET","userId":"","message":"findGuildReadsByUserId"}
{"@timestamp":"2024-02-13T16:00:27.042+0900","level":"INFO","service":"community-service","trace":"","apiAddr":"/api/community/check/room/guild/1","httpMethod":"GET","userId":"","message":"findGuildsByUserId"}
{"@timestamp":"2024-02-13T16:00:27.042+0900","level":"INFO","service":"community-service","trace":"","apiAddr":"/api/community/check/room/guild/4","httpMethod":"GET","userId":"","message":"search"}
{"@timestamp":"2024-02-13T16:00:27.043+0900","level":"INFO","service":"community-service","trace":"","apiAddr":"/api/community/check/room/guild/1","httpMethod":"GET","userId":"","message":"findGuildsByUserId"}
{"@timestamp":"2024-02-13T16:00:27.043+0900","level":"INFO","service":"community-service","trace":"","apiAddr":"/api/community/check/room/guild/1","httpMethod":"GET","userId":"","message":"findGuildReadsByUserId"}
{"@timestamp":"2024-02-13T16:00:27.043+0900","level":"INFO","service":"community-service","trace":"","apiAddr":"/api/community/check/room/guild/3","httpMethod":"GET","userId":"","message":"search"}
{"@timestamp":"2024-02-13T16:00:27.044+0900","level":"INFO","service":"community-service","trace":"","apiAddr":"/api/community/check/room/guild/1","httpMethod":"GET","userId":"","message":"findGuildReadsByUserId"}
{"@timestamp":"2024-02-13T16:00:27.044+0900","level":"INFO","service":"community-service","trace":"","apiAddr":"/api/community/check/room/guild/1","httpMethod":"GET","userId":"","message":"search"}
{"@timestamp":"2024-02-13T16:00:27.044+0900","level":"INFO","service":"community-service","trace":"","apiAddr":"/api/community/check/room/guild/1","httpMethod":"GET","userId":"","message":"search"}
{"@timestamp":"2024-02-13T16:00:27.048+0900","level":"INFO","service":"community-service","trace":"","apiAddr":"/api/community/check/room/guild/2","httpMethod":"GET","userId":"","message":"search"}
{"@timestamp":"2024-02-13T16:00:27.048+0900","level":"INFO","service":"community-service","trace":"","apiAddr":"/api/community/check/room/guild/4","httpMethod":"GET","userId":"","message":"search"}
{"@timestamp":"2024-02-13T16:00:27.048+0900","level":"INFO","service":"community-service","trace":"","apiAddr":"/api/community/check/room/guild/1","httpMethod":"GET","userId":"","message":"search"}
{"@timestamp":"2024-02-13T16:00:27.048+0900","level":"INFO","service":"community-service","trace":"","apiAddr":"/api/community/check/room/guild/3","httpMethod":"GET","userId":"","message":"search"}
{"@timestamp":"2024-02-13T16:00:27.048+0900","level":"INFO","service":"community-service","trace":"","apiAddr":"/api/community/check/room/guild/1","httpMethod":"GET","userId":"","message":"search"}
{"@timestamp":"2024-02-13T17:00:41.365+0900","level":"INFO","service":"community-service","trace":"","apiAddr":"/api/community/check/room/guild/4","httpMethod":"GET","userId":"","message":"findById"}
{"@timestamp":"2024-02-13T17:00:41.368+0900","level":"INFO","service":"community-service","trace":"","apiAddr":"/api/community/check/room/guild/4","httpMethod":"GET","userId":"","message":"findUser"}
{"@timestamp":"2024-02-13T17:00:41.419+0900","level":"INFO","service":"community-service","trace":"","apiAddr":"/api/community/check/room/guild/4","httpMethod":"GET","userId":"","message":"findGuildsByUserId"}
{"@timestamp":"2024-02-13T17:00:41.419+0900","level":"INFO","service":"community-service","trace":"","apiAddr":"/api/community/check/room/guild/4","httpMethod":"GET","userId":"","message":"findGuildReadsByUserId"}
{"@timestamp":"2024-02-13T17:00:41.419+0900","level":"INFO","service":"community-service","trace":"","apiAddr":"/api/community/check/room/guild/4","httpMethod":"GET","userId":"","message":"search"}
{"@timestamp":"2024-02-13T17:00:41.437+0900","level":"INFO","service":"community-service","trace":"","apiAddr":"/api/community/check/room/guild/4","httpMethod":"GET","userId":"","message":"search"}
{"@timestamp":"2024-02-13T17:00:42.834+0900","level":"INFO","service":"community-service","trace":"","apiAddr":"/api/community/check/room/guild/2","httpMethod":"GET","userId":"","message":"findById"}
{"@timestamp":"2024-02-13T17:00:42.835+0900","level":"INFO","service":"community-service","trace":"","apiAddr":"/api/community/check/room/guild/2","httpMethod":"GET","userId":"","message":"findUser"}
{"@timestamp":"2024-02-13T17:00:42.851+0900","level":"INFO","service":"community-service","trace":"","apiAddr":"/api/community/check/room/guild/2","httpMethod":"GET","userId":"","message":"findGuildsByUserId"}
{"@timestamp":"2024-02-13T17:00:42.851+0900","level":"INFO","service":"community-service","trace":"","apiAddr":"/api/community/check/room/guild/2","httpMethod":"GET","userId":"","message":"findGuildReadsByUserId"}
{"@timestamp":"2024-02-13T17:00:42.852+0900","level":"INFO","service":"community-service","trace":"","apiAddr":"/api/community/check/room/guild/2","httpMethod":"GET","userId":"","message":"search"}
{"@timestamp":"2024-02-13T17:00:42.855+0900","level":"INFO","service":"community-service","trace":"","apiAddr":"/api/community/check/room/guild/2","httpMethod":"GET","userId":"","message":"search"}
{"@timestamp":"2024-02-13T17:00:44.646+0900","level":"INFO","service":"community-service","trace":"","apiAddr":"/api/community/check/room/guild/3","httpMethod":"GET","userId":"","message":"findById"}
{"@timestamp":"2024-02-13T17:00:44.647+0900","level":"INFO","service":"community-service","trace":"","apiAddr":"/api/community/check/room/guild/3","httpMethod":"GET","userId":"","message":"findUser"}
{"@timestamp":"2024-02-13T17:00:44.669+0900","level":"INFO","service":"community-service","trace":"","apiAddr":"/api/community/check/room/guild/3","httpMethod":"GET","userId":"","message":"findGuildsByUserId"}
{"@timestamp":"2024-02-13T17:00:44.678+0900","level":"INFO","service":"community-service","trace":"","apiAddr":"/api/community/check/room/guild/3","httpMethod":"GET","userId":"","message":"findGuildReadsByUserId"}
{"@timestamp":"2024-02-13T17:00:44.680+0900","level":"INFO","service":"community-service","trace":"","apiAddr":"/api/community/check/room/guild/3","httpMethod":"GET","userId":"","message":"search"}
{"@timestamp":"2024-02-13T17:00:44.686+0900","level":"INFO","service":"community-service","trace":"","apiAddr":"/api/community/check/room/guild/3","httpMethod":"GET","userId":"","message":"search"}
{"@timestamp":"2024-02-13T17:01:48.840+0900","level":"INFO","service":"community-service","trace":"","apiAddr":"/api/community/check/room/guild/1","httpMethod":"GET","userId":"","message":"findById"}
{"@timestamp":"2024-02-13T17:01:48.841+0900","level":"INFO","service":"community-service","trace":"","apiAddr":"/api/community/check/room/guild/1","httpMethod":"GET","userId":"","message":"findUser"}
{"@timestamp":"2024-02-13T17:01:48.853+0900","level":"INFO","service":"community-service","trace":"","apiAddr":"/api/community/check/room/guild/1","httpMethod":"GET","userId":"","message":"findGuildsByUserId"}
{"@timestamp":"2024-02-13T17:01:48.853+0900","level":"INFO","service":"community-service","trace":"","apiAddr":"/api/community/check/room/guild/1","httpMethod":"GET","userId":"","message":"findGuildReadsByUserId"}
{"@timestamp":"2024-02-13T17:01:48.854+0900","level":"INFO","service":"community-service","trace":"","apiAddr":"/api/community/check/room/guild/1","httpMethod":"GET","userId":"","message":"search"}
{"@timestamp":"2024-02-13T17:01:48.856+0900","level":"INFO","service":"community-service","trace":"","apiAddr":"/api/community/check/room/guild/1","httpMethod":"GET","userId":"","message":"search"}
{"@timestamp":"2024-02-13T17:01:58.994+0900","level":"INFO","service":"community-service","trace":"","apiAddr":"/api/community/check/room/guild/1","httpMethod":"GET","userId":"","message":"findById"}
{"@timestamp":"2024-02-13T17:01:58.995+0900","level":"INFO","service":"community-service","trace":"","apiAddr":"/api/community/check/room/guild/1","httpMethod":"GET","userId":"","message":"findUser"}
{"@timestamp":"2024-02-13T17:01:59.010+0900","level":"INFO","service":"community-service","trace":"","apiAddr":"/api/community/check/room/guild/1","httpMethod":"GET","userId":"","message":"findGuildsByUserId"}
{"@timestamp":"2024-02-13T17:01:59.010+0900","level":"INFO","service":"community-service","trace":"","apiAddr":"/api/community/check/room/guild/1","httpMethod":"GET","userId":"","message":"findGuildReadsByUserId"}
{"@timestamp":"2024-02-13T17:01:59.011+0900","level":"INFO","service":"community-service","trace":"","apiAddr":"/api/community/check/room/guild/1","httpMethod":"GET","userId":"","message":"search"}
{"@timestamp":"2024-02-13T17:01:59.014+0900","level":"INFO","service":"community-service","trace":"","apiAddr":"/api/community/check/room/guild/1","httpMethod":"GET","userId":"","message":"search"}
{"@timestamp":"2024-02-13T17:08:09.860+0900","level":"INFO","service":"community-service","trace":"","apiAddr":"/api/community/check/room/guild/1","httpMethod":"GET","userId":"","message":"findById"}
{"@timestamp":"2024-02-13T17:08:09.864+0900","level":"INFO","service":"community-service","trace":"","apiAddr":"/api/community/check/room/guild/1","httpMethod":"GET","userId":"","message":"findUser"}
{"@timestamp":"2024-02-13T17:08:09.879+0900","level":"INFO","service":"community-service","trace":"","apiAddr":"/api/community/check/room/guild/1","httpMethod":"GET","userId":"","message":"findById"}
{"@timestamp":"2024-02-13T17:08:09.880+0900","level":"INFO","service":"community-service","trace":"","apiAddr":"/api/community/check/room/guild/1","httpMethod":"GET","userId":"","message":"findUser"}
{"@timestamp":"2024-02-13T17:08:09.911+0900","level":"INFO","service":"community-service","trace":"","apiAddr":"/api/community/check/room/guild/1","httpMethod":"GET","userId":"","message":"findGuildsByUserId"}
{"@timestamp":"2024-02-13T17:08:09.911+0900","level":"INFO","service":"community-service","trace":"","apiAddr":"/api/community/check/room/guild/1","httpMethod":"GET","userId":"","message":"findGuildsByUserId"}
{"@timestamp":"2024-02-13T17:08:09.912+0900","level":"INFO","service":"community-service","trace":"","apiAddr":"/api/community/check/room/guild/1","httpMethod":"GET","userId":"","message":"findGuildReadsByUserId"}
{"@timestamp":"2024-02-13T17:08:09.912+0900","level":"INFO","service":"community-service","trace":"","apiAddr":"/api/community/check/room/guild/1","httpMethod":"GET","userId":"","message":"findGuildReadsByUserId"}
{"@timestamp":"2024-02-13T17:08:09.912+0900","level":"INFO","service":"community-service","trace":"","apiAddr":"/api/community/check/room/guild/1","httpMethod":"GET","userId":"","message":"search"}
{"@timestamp":"2024-02-13T17:08:09.912+0900","level":"INFO","service":"community-service","trace":"","apiAddr":"/api/community/check/room/guild/1","httpMethod":"GET","userId":"","message":"search"}
{"@timestamp":"2024-02-13T17:08:09.914+0900","level":"INFO","service":"community-service","trace":"","apiAddr":"/api/community/check/room/guild/1","httpMethod":"GET","userId":"","message":"search"}
{"@timestamp":"2024-02-13T17:08:09.914+0900","level":"INFO","service":"community-service","trace":"","apiAddr":"/api/community/check/room/guild/1","httpMethod":"GET","userId":"","message":"search"}
{"@timestamp":"2024-02-13T17:08:18.609+0900","level":"INFO","service":"community-service","trace":"","apiAddr":"/api/community/check/room/guild/1","httpMethod":"GET","userId":"","message":"findById"}
{"@timestamp":"2024-02-13T17:08:18.610+0900","level":"INFO","service":"community-service","trace":"","apiAddr":"/api/community/check/room/guild/1","httpMethod":"GET","userId":"","message":"findUser"}
{"@timestamp":"2024-02-13T17:08:18.643+0900","level":"INFO","service":"community-service","trace":"","apiAddr":"/api/community/check/room/guild/1","httpMethod":"GET","userId":"","message":"findGuildsByUserId"}
{"@timestamp":"2024-02-13T17:08:18.644+0900","level":"INFO","service":"community-service","trace":"","apiAddr":"/api/community/check/room/guild/1","httpMethod":"GET","userId":"","message":"findGuildReadsByUserId"}
{"@timestamp":"2024-02-13T17:08:18.644+0900","level":"INFO","service":"community-service","trace":"","apiAddr":"/api/community/check/room/guild/1","httpMethod":"GET","userId":"","message":"search"}
{"@timestamp":"2024-02-13T17:08:18.647+0900","level":"INFO","service":"community-service","trace":"","apiAddr":"/api/community/check/room/guild/1","httpMethod":"GET","userId":"","message":"search"}
{"@timestamp":"2024-02-13T17:08:19.032+0900","level":"INFO","service":"community-service","trace":"","apiAddr":"/api/community/check/room/guild/1","httpMethod":"GET","userId":"","message":"findById"}
{"@timestamp":"2024-02-13T17:08:19.032+0900","level":"INFO","service":"community-service","trace":"","apiAddr":"/api/community/check/room/guild/1","httpMethod":"GET","userId":"","message":"findUser"}
{"@timestamp":"2024-02-13T17:08:19.054+0900","level":"INFO","service":"community-service","trace":"","apiAddr":"/api/community/check/room/guild/1","httpMethod":"GET","userId":"","message":"findGuildsByUserId"}
{"@timestamp":"2024-02-13T17:08:19.054+0900","level":"INFO","service":"community-service","trace":"","apiAddr":"/api/community/check/room/guild/1","httpMethod":"GET","userId":"","message":"findGuildReadsByUserId"}
{"@timestamp":"2024-02-13T17:08:19.055+0900","level":"INFO","service":"community-service","trace":"","apiAddr":"/api/community/check/room/guild/1","httpMethod":"GET","userId":"","message":"search"}
{"@timestamp":"2024-02-13T17:08:19.058+0900","level":"INFO","service":"community-service","trace":"","apiAddr":"/api/community/check/room/guild/1","httpMethod":"GET","userId":"","message":"search"}
{"@timestamp":"2024-02-13T17:10:59.801+0900","level":"INFO","service":"community-service","trace":"","apiAddr":"/api/community/check/room/guild/1","httpMethod":"GET","userId":"","message":"findById"}
{"@timestamp":"2024-02-13T17:10:59.805+0900","level":"INFO","service":"community-service","trace":"","apiAddr":"/api/community/check/room/guild/1","httpMethod":"GET","userId":"","message":"findUser"}
{"@timestamp":"2024-02-13T17:10:59.826+0900","level":"INFO","service":"community-service","trace":"","apiAddr":"/api/community/check/room/guild/1","httpMethod":"GET","userId":"","message":"findGuildsByUserId"}
{"@timestamp":"2024-02-13T17:10:59.826+0900","level":"INFO","service":"community-service","trace":"","apiAddr":"/api/community/check/room/guild/1","httpMethod":"GET","userId":"","message":"findGuildReadsByUserId"}
{"@timestamp":"2024-02-13T17:10:59.826+0900","level":"INFO","service":"community-service","trace":"","apiAddr":"/api/community/check/room/guild/1","httpMethod":"GET","userId":"","message":"search"}
{"@timestamp":"2024-02-13T17:10:59.829+0900","level":"INFO","service":"community-service","trace":"","apiAddr":"/api/community/check/room/guild/1","httpMethod":"GET","userId":"","message":"search"}
{"@timestamp":"2024-02-13T17:12:03.351+0900","level":"INFO","service":"community-service","trace":"","apiAddr":"/api/community/check/room/guild/1","httpMethod":"GET","userId":"","message":"findById"}
{"@timestamp":"2024-02-13T17:12:03.352+0900","level":"INFO","service":"community-service","trace":"","apiAddr":"/api/community/check/room/guild/1","httpMethod":"GET","userId":"","message":"findUser"}
{"@timestamp":"2024-02-13T17:12:03.384+0900","level":"INFO","service":"community-service","trace":"","apiAddr":"/api/community/check/room/guild/1","httpMethod":"GET","userId":"","message":"findGuildsByUserId"}
{"@timestamp":"2024-02-13T17:12:03.385+0900","level":"INFO","service":"community-service","trace":"","apiAddr":"/api/community/check/room/guild/1","httpMethod":"GET","userId":"","message":"findGuildReadsByUserId"}
{"@timestamp":"2024-02-13T17:12:03.386+0900","level":"INFO","service":"community-service","trace":"","apiAddr":"/api/community/check/room/guild/1","httpMethod":"GET","userId":"","message":"search"}
{"@timestamp":"2024-02-13T17:12:03.394+0900","level":"INFO","service":"community-service","trace":"","apiAddr":"/api/community/check/room/guild/1","httpMethod":"GET","userId":"","message":"search"}
{"@timestamp":"2024-02-13T17:31:18.528+0900","level":"INFO","service":"community-service","trace":"","apiAddr":"/api/community/check/room/guild/1","httpMethod":"GET","userId":"","message":"findById"}
{"@timestamp":"2024-02-13T17:31:18.528+0900","level":"INFO","service":"community-service","trace":"","apiAddr":"/api/community/check/room/guild/1","httpMethod":"GET","userId":"","message":"findById"}
{"@timestamp":"2024-02-13T17:31:18.531+0900","level":"INFO","service":"community-service","trace":"","apiAddr":"/api/community/check/room/guild/1","httpMethod":"GET","userId":"","message":"findUser"}
{"@timestamp":"2024-02-13T17:31:18.531+0900","level":"INFO","service":"community-service","trace":"","apiAddr":"/api/community/check/room/guild/1","httpMethod":"GET","userId":"","message":"findUser"}
{"@timestamp":"2024-02-13T17:31:18.578+0900","level":"INFO","service":"community-service","trace":"","apiAddr":"/api/community/check/room/guild/1","httpMethod":"GET","userId":"","message":"findGuildsByUserId"}
{"@timestamp":"2024-02-13T17:31:18.578+0900","level":"INFO","service":"community-service","trace":"","apiAddr":"/api/community/check/room/guild/1","httpMethod":"GET","userId":"","message":"findGuildsByUserId"}
{"@timestamp":"2024-02-13T17:31:18.579+0900","level":"INFO","service":"community-service","trace":"","apiAddr":"/api/community/check/room/guild/1","httpMethod":"GET","userId":"","message":"findGuildReadsByUserId"}
{"@timestamp":"2024-02-13T17:31:18.579+0900","level":"INFO","service":"community-service","trace":"","apiAddr":"/api/community/check/room/guild/1","httpMethod":"GET","userId":"","message":"findGuildReadsByUserId"}
{"@timestamp":"2024-02-13T17:31:18.579+0900","level":"INFO","service":"community-service","trace":"","apiAddr":"/api/community/check/room/guild/1","httpMethod":"GET","userId":"","message":"search"}
{"@timestamp":"2024-02-13T17:31:18.579+0900","level":"INFO","service":"community-service","trace":"","apiAddr":"/api/community/check/room/guild/1","httpMethod":"GET","userId":"","message":"search"}
{"@timestamp":"2024-02-13T17:31:18.582+0900","level":"INFO","service":"community-service","trace":"","apiAddr":"/api/community/check/room/guild/1","httpMethod":"GET","userId":"","message":"search"}
{"@timestamp":"2024-02-13T17:31:18.582+0900","level":"INFO","service":"community-service","trace":"","apiAddr":"/api/community/check/room/guild/1","httpMethod":"GET","userId":"","message":"search"}
{"@timestamp":"2024-02-13T17:32:20.772+0900","level":"INFO","service":"community-service","trace":"","apiAddr":"/api/community/check/room/guild/1","httpMethod":"GET","userId":"","message":"findById"}
{"@timestamp":"2024-02-13T17:32:20.776+0900","level":"INFO","service":"community-service","trace":"","apiAddr":"/api/community/check/room/guild/1","httpMethod":"GET","userId":"","message":"findUser"}
{"@timestamp":"2024-02-13T17:32:20.795+0900","level":"INFO","service":"community-service","trace":"","apiAddr":"/api/community/check/room/guild/1","httpMethod":"GET","userId":"","message":"findGuildsByUserId"}
{"@timestamp":"2024-02-13T17:32:20.796+0900","level":"INFO","service":"community-service","trace":"","apiAddr":"/api/community/check/room/guild/1","httpMethod":"GET","userId":"","message":"findGuildReadsByUserId"}
{"@timestamp":"2024-02-13T17:32:20.796+0900","level":"INFO","service":"community-service","trace":"","apiAddr":"/api/community/check/room/guild/1","httpMethod":"GET","userId":"","message":"search"}
{"@timestamp":"2024-02-13T17:32:20.799+0900","level":"INFO","service":"community-service","trace":"","apiAddr":"/api/community/check/room/guild/1","httpMethod":"GET","userId":"","message":"search"}
{"@timestamp":"2024-02-13T17:32:21.412+0900","level":"INFO","service":"community-service","trace":"","apiAddr":"/api/community/check/room/guild/1","httpMethod":"GET","userId":"","message":"findById"}
{"@timestamp":"2024-02-13T17:32:21.413+0900","level":"INFO","service":"community-service","trace":"","apiAddr":"/api/community/check/room/guild/1","httpMethod":"GET","userId":"","message":"findUser"}
{"@timestamp":"2024-02-13T17:32:21.422+0900","level":"INFO","service":"community-service","trace":"","apiAddr":"/api/community/check/room/guild/1","httpMethod":"GET","userId":"","message":"findGuildsByUserId"}
{"@timestamp":"2024-02-13T17:32:21.423+0900","level":"INFO","service":"community-service","trace":"","apiAddr":"/api/community/check/room/guild/1","httpMethod":"GET","userId":"","message":"findGuildReadsByUserId"}
{"@timestamp":"2024-02-13T17:32:21.423+0900","level":"INFO","service":"community-service","trace":"","apiAddr":"/api/community/check/room/guild/1","httpMethod":"GET","userId":"","message":"search"}
{"@timestamp":"2024-02-13T17:32:21.426+0900","level":"INFO","service":"community-service","trace":"","apiAddr":"/api/community/check/room/guild/1","httpMethod":"GET","userId":"","message":"search"}
{"@timestamp":"2024-02-13T17:33:06.149+0900","level":"INFO","service":"community-service","trace":"","apiAddr":"/api/community/check/room/guild/1","httpMethod":"GET","userId":"","message":"findById"}
{"@timestamp":"2024-02-13T17:33:06.150+0900","level":"INFO","service":"community-service","trace":"","apiAddr":"/api/community/check/room/guild/1","httpMethod":"GET","userId":"","message":"findUser"}
{"@timestamp":"2024-02-13T17:33:06.164+0900","level":"INFO","service":"community-service","trace":"","apiAddr":"/api/community/check/room/guild/1","httpMethod":"GET","userId":"","message":"findGuildsByUserId"}
{"@timestamp":"2024-02-13T17:33:06.164+0900","level":"INFO","service":"community-service","trace":"","apiAddr":"/api/community/check/room/guild/1","httpMethod":"GET","userId":"","message":"findGuildReadsByUserId"}
{"@timestamp":"2024-02-13T17:33:06.164+0900","level":"INFO","service":"community-service","trace":"","apiAddr":"/api/community/check/room/guild/1","httpMethod":"GET","userId":"","message":"search"}
{"@timestamp":"2024-02-13T17:33:06.167+0900","level":"INFO","service":"community-service","trace":"","apiAddr":"/api/community/check/room/guild/1","httpMethod":"GET","userId":"","message":"search"}
{"@timestamp":"2024-02-13T17:33:06.603+0900","level":"INFO","service":"community-service","trace":"","apiAddr":"/api/community/check/room/guild/1","httpMethod":"GET","userId":"","message":"findById"}
{"@timestamp":"2024-02-13T17:33:06.603+0900","level":"INFO","service":"community-service","trace":"","apiAddr":"/api/community/check/room/guild/1","httpMethod":"GET","userId":"","message":"findUser"}
{"@timestamp":"2024-02-13T17:33:06.613+0900","level":"INFO","service":"community-service","trace":"","apiAddr":"/api/community/check/room/guild/1","httpMethod":"GET","userId":"","message":"findGuildsByUserId"}
{"@timestamp":"2024-02-13T17:33:06.613+0900","level":"INFO","service":"community-service","trace":"","apiAddr":"/api/community/check/room/guild/1","httpMethod":"GET","userId":"","message":"findGuildReadsByUserId"}
{"@timestamp":"2024-02-13T17:33:06.613+0900","level":"INFO","service":"community-service","trace":"","apiAddr":"/api/community/check/room/guild/1","httpMethod":"GET","userId":"","message":"search"}
{"@timestamp":"2024-02-13T17:33:06.616+0900","level":"INFO","service":"community-service","trace":"","apiAddr":"/api/community/check/room/guild/1","httpMethod":"GET","userId":"","message":"search"}
